<?xml version="1.0" encoding="UTF-8"?>
<!-- Generated by org.testng.reporters.JUnitXMLReporter -->
<testsuite ignored="0" hostname="DELL" failures="0" tests="7" name="ChromeTests" time="78.958" errors="0" timestamp="2025-08-01T01:12:16 IST">
  <testcase classname="testCases.RegistrationTest" name="registrationInvalidData" time="8.905"/>
  <testcase classname="testCases.RegistrationTest" name="registrationInvalidData" time="7.128"/>
  <testcase classname="testCases.RegistrationTest" name="registrationInvalidData" time="7.86"/>
  <testcase classname="testCases.RegistrationTest" name="registrationInvalidData" time="6.942"/>
  <testcase classname="testCases.RegistrationTest" name="registrationValidData" time="6.646"/>
  <testcase classname="testCases.RegistrationTest" name="registrationValidData" time="7.495"/>
  <testcase classname="testCases.RegistrationTest" name="registrationValidData" time="7.586"/>
</testsuite> <!-- ChromeTests -->
