<?xml version="1.0" encoding="UTF-8"?>
<!-- Generated by org.testng.reporters.JUnitXMLReporter -->
<testsuite ignored="0" hostname="DELL" failures="4" tests="4" name="EditProfileTest" time="32.152" errors="0" timestamp="2025-08-01T15:57:58 IST">
  <testcase classname="testCases.EditProfileTest" name="setUpEditProfile" time="0.766">
    <failure type="org.openqa.selenium.InvalidArgumentException" message="invalid argument: File not found : D:\\pic1.jpg
  (Session info: chrome=138.0.7204.169)
Build info: version: &amp;apos;4.21.0&amp;apos;, revision: &amp;apos;79ed462ef4&amp;apos;
System info: os.name: &amp;apos;Windows 11&amp;apos;, os.arch: &amp;apos;amd64&amp;apos;, os.version: &amp;apos;10.0&amp;apos;, java.version: &amp;apos;11.0.27&amp;apos;
Driver info: org.openqa.selenium.chrome.ChromeDriver
Command: [e5b4f5d54c60db6097f6c25522f39829, sendKeysToElement {id=f.BF74DDB713C3A1B925F116CDDFC45F45.d.9040612D9C30FA9B55F4D9B4E8375BAC.e.91, value=[Ljava.lang.CharSequence;@4fb56bea}]
Capabilities {acceptInsecureCerts: false, browserName: chrome, browserVersion: 138.0.7204.169, chrome: {chromedriverVersion: 138.0.7204.183 (e90faf484dd..., userDataDir: C:\Users\ADMIN\AppData\Loca...}, fedcm:accounts: true, goog:chromeOptions: {debuggerAddress: localhost:65077}, networkConnectionEnabled: false, pageLoadStrategy: normal, platformName: windows, proxy: Proxy(), se:cdp: ws://localhost:65077/devtoo..., se:cdpVersion: 138.0.7204.169, setWindowRect: true, strictFileInteractability: false, timeouts: {implicit: 0, pageLoad: 300000, script: 30000}, unhandledPromptBehavior: dismiss and notify, webauthn:extension:credBlob: true, webauthn:extension:largeBlob: true, webauthn:extension:minPinLength: true, webauthn:extension:prf: true, webauthn:virtualAuthenticators: true}
Element: [[ChromeDriver: chrome on windows (e5b4f5d54c60db6097f6c25522f39829)] -&amp;gt; id: photo]
Session ID: e5b4f5d54c60db6097f6c25522f39829">
      <![CDATA[org.openqa.selenium.InvalidArgumentException: invalid argument: File not found : D:\\pic1.jpg
  (Session info: chrome=138.0.7204.169)
Build info: version: '4.21.0', revision: '79ed462ef4'
System info: os.name: 'Windows 11', os.arch: 'amd64', os.version: '10.0', java.version: '11.0.27'
Driver info: org.openqa.selenium.chrome.ChromeDriver
Command: [e5b4f5d54c60db6097f6c25522f39829, sendKeysToElement {id=f.BF74DDB713C3A1B925F116CDDFC45F45.d.9040612D9C30FA9B55F4D9B4E8375BAC.e.91, value=[Ljava.lang.CharSequence;@4fb56bea}]
Capabilities {acceptInsecureCerts: false, browserName: chrome, browserVersion: 138.0.7204.169, chrome: {chromedriverVersion: 138.0.7204.183 (e90faf484dd..., userDataDir: C:\Users\ADMIN\AppData\Loca...}, fedcm:accounts: true, goog:chromeOptions: {debuggerAddress: localhost:65077}, networkConnectionEnabled: false, pageLoadStrategy: normal, platformName: windows, proxy: Proxy(), se:cdp: ws://localhost:65077/devtoo..., se:cdpVersion: 138.0.7204.169, setWindowRect: true, strictFileInteractability: false, timeouts: {implicit: 0, pageLoad: 300000, script: 30000}, unhandledPromptBehavior: dismiss and notify, webauthn:extension:credBlob: true, webauthn:extension:largeBlob: true, webauthn:extension:minPinLength: true, webauthn:extension:prf: true, webauthn:virtualAuthenticators: true}
Element: [[ChromeDriver: chrome on windows (e5b4f5d54c60db6097f6c25522f39829)] -> id: photo]
Session ID: e5b4f5d54c60db6097f6c25522f39829
at org.openqa.selenium.remote.ErrorCodec.decode(ErrorCodec.java:167)
at org.openqa.selenium.remote.codec.w3c.W3CHttpResponseCodec.decode(W3CHttpResponseCodec.java:138)
at org.openqa.selenium.remote.codec.w3c.W3CHttpResponseCodec.decode(W3CHttpResponseCodec.java:50)
at org.openqa.selenium.remote.HttpCommandExecutor.execute(HttpCommandExecutor.java:190)
at org.openqa.selenium.remote.service.DriverCommandExecutor.invokeExecute(DriverCommandExecutor.java:216)
at org.openqa.selenium.remote.service.DriverCommandExecutor.execute(DriverCommandExecutor.java:174)
at org.openqa.selenium.remote.RemoteWebDriver.execute(RemoteWebDriver.java:518)
at org.openqa.selenium.remote.RemoteWebElement.execute(RemoteWebElement.java:223)
at org.openqa.selenium.remote.RemoteWebElement.sendKeys(RemoteWebElement.java:110)
at org.openqa.selenium.support.pagefactory.internal.LocatingElementHandler.invoke(LocatingElementHandler.java:51)
at com.sun.proxy.$Proxy17.sendKeys(Unknown Source)
at pages.EditProfilePage.uploadProfilePicture(EditProfilePage.java:42)
at pages.EditProfilePage.Editprofile(EditProfilePage.java:55)
at testCases.EditProfileTest.setUpEditProfile(EditProfileTest.java:36)
at java.base/java.util.ArrayList.forEach(ArrayList.java:1541)
... Removed 34 stack frames]]>
    </failure>
  </testcase> <!-- setUpEditProfile -->
  <testcase classname="testCases.EditProfileTest" name="setUpEditProfile" time="0.765">
    <failure type="org.openqa.selenium.InvalidArgumentException" message="invalid argument: &amp;apos;text&amp;apos; is empty
  (Session info: chrome=138.0.7204.169)
Build info: version: &amp;apos;4.21.0&amp;apos;, revision: &amp;apos;79ed462ef4&amp;apos;
System info: os.name: &amp;apos;Windows 11&amp;apos;, os.arch: &amp;apos;amd64&amp;apos;, os.version: &amp;apos;10.0&amp;apos;, java.version: &amp;apos;11.0.27&amp;apos;
Driver info: org.openqa.selenium.chrome.ChromeDriver
Command: [67c5e0d0b42dd899ee451342d7d63ffe, sendKeysToElement {id=f.CEC3398B6F09189B786A7FD05C4F5FAE.d.BC814F305198209020DE2274A1DA7F9B.e.98, value=[Ljava.lang.CharSequence;@162c1dfb}]
Capabilities {acceptInsecureCerts: false, browserName: chrome, browserVersion: 138.0.7204.169, chrome: {chromedriverVersion: 138.0.7204.183 (e90faf484dd..., userDataDir: C:\Users\ADMIN\AppData\Loca...}, fedcm:accounts: true, goog:chromeOptions: {debuggerAddress: localhost:65118}, networkConnectionEnabled: false, pageLoadStrategy: normal, platformName: windows, proxy: Proxy(), se:cdp: ws://localhost:65118/devtoo..., se:cdpVersion: 138.0.7204.169, setWindowRect: true, strictFileInteractability: false, timeouts: {implicit: 0, pageLoad: 300000, script: 30000}, unhandledPromptBehavior: dismiss and notify, webauthn:extension:credBlob: true, webauthn:extension:largeBlob: true, webauthn:extension:minPinLength: true, webauthn:extension:prf: true, webauthn:virtualAuthenticators: true}
Element: [[ChromeDriver: chrome on windows (67c5e0d0b42dd899ee451342d7d63ffe)] -&amp;gt; id: photo]
Session ID: 67c5e0d0b42dd899ee451342d7d63ffe">
      <![CDATA[org.openqa.selenium.InvalidArgumentException: invalid argument: 'text' is empty
  (Session info: chrome=138.0.7204.169)
Build info: version: '4.21.0', revision: '79ed462ef4'
System info: os.name: 'Windows 11', os.arch: 'amd64', os.version: '10.0', java.version: '11.0.27'
Driver info: org.openqa.selenium.chrome.ChromeDriver
Command: [67c5e0d0b42dd899ee451342d7d63ffe, sendKeysToElement {id=f.CEC3398B6F09189B786A7FD05C4F5FAE.d.BC814F305198209020DE2274A1DA7F9B.e.98, value=[Ljava.lang.CharSequence;@162c1dfb}]
Capabilities {acceptInsecureCerts: false, browserName: chrome, browserVersion: 138.0.7204.169, chrome: {chromedriverVersion: 138.0.7204.183 (e90faf484dd..., userDataDir: C:\Users\ADMIN\AppData\Loca...}, fedcm:accounts: true, goog:chromeOptions: {debuggerAddress: localhost:65118}, networkConnectionEnabled: false, pageLoadStrategy: normal, platformName: windows, proxy: Proxy(), se:cdp: ws://localhost:65118/devtoo..., se:cdpVersion: 138.0.7204.169, setWindowRect: true, strictFileInteractability: false, timeouts: {implicit: 0, pageLoad: 300000, script: 30000}, unhandledPromptBehavior: dismiss and notify, webauthn:extension:credBlob: true, webauthn:extension:largeBlob: true, webauthn:extension:minPinLength: true, webauthn:extension:prf: true, webauthn:virtualAuthenticators: true}
Element: [[ChromeDriver: chrome on windows (67c5e0d0b42dd899ee451342d7d63ffe)] -> id: photo]
Session ID: 67c5e0d0b42dd899ee451342d7d63ffe
at org.openqa.selenium.remote.ErrorCodec.decode(ErrorCodec.java:167)
at org.openqa.selenium.remote.codec.w3c.W3CHttpResponseCodec.decode(W3CHttpResponseCodec.java:138)
at org.openqa.selenium.remote.codec.w3c.W3CHttpResponseCodec.decode(W3CHttpResponseCodec.java:50)
at org.openqa.selenium.remote.HttpCommandExecutor.execute(HttpCommandExecutor.java:190)
at org.openqa.selenium.remote.service.DriverCommandExecutor.invokeExecute(DriverCommandExecutor.java:216)
at org.openqa.selenium.remote.service.DriverCommandExecutor.execute(DriverCommandExecutor.java:174)
at org.openqa.selenium.remote.RemoteWebDriver.execute(RemoteWebDriver.java:518)
at org.openqa.selenium.remote.RemoteWebElement.execute(RemoteWebElement.java:223)
at org.openqa.selenium.remote.RemoteWebElement.sendKeys(RemoteWebElement.java:110)
at org.openqa.selenium.support.pagefactory.internal.LocatingElementHandler.invoke(LocatingElementHandler.java:51)
at com.sun.proxy.$Proxy17.sendKeys(Unknown Source)
at pages.EditProfilePage.uploadProfilePicture(EditProfilePage.java:42)
at pages.EditProfilePage.Editprofile(EditProfilePage.java:55)
at testCases.EditProfileTest.setUpEditProfile(EditProfileTest.java:36)
at java.base/java.util.ArrayList.forEach(ArrayList.java:1541)
... Removed 34 stack frames]]>
    </failure>
  </testcase> <!-- setUpEditProfile -->
  <testcase classname="testCases.EditProfileTest" name="setUpEditProfile" time="0.816">
    <failure type="org.openqa.selenium.InvalidArgumentException" message="invalid argument: &amp;apos;text&amp;apos; is empty
  (Session info: chrome=138.0.7204.169)
Build info: version: &amp;apos;4.21.0&amp;apos;, revision: &amp;apos;79ed462ef4&amp;apos;
System info: os.name: &amp;apos;Windows 11&amp;apos;, os.arch: &amp;apos;amd64&amp;apos;, os.version: &amp;apos;10.0&amp;apos;, java.version: &amp;apos;11.0.27&amp;apos;
Driver info: org.openqa.selenium.chrome.ChromeDriver
Command: [e46d3bc7af0b8fd2a783a6da3de8cb08, sendKeysToElement {id=f.9F6BB36D1FB5801855F6BDEA7C3E0647.d.441E220B1ED35CB50C08A54EC9E48A5B.e.109, value=[Ljava.lang.CharSequence;@171dc7c3}]
Capabilities {acceptInsecureCerts: false, browserName: chrome, browserVersion: 138.0.7204.169, chrome: {chromedriverVersion: 138.0.7204.183 (e90faf484dd..., userDataDir: C:\Users\ADMIN\AppData\Loca...}, fedcm:accounts: true, goog:chromeOptions: {debuggerAddress: localhost:65160}, networkConnectionEnabled: false, pageLoadStrategy: normal, platformName: windows, proxy: Proxy(), se:cdp: ws://localhost:65160/devtoo..., se:cdpVersion: 138.0.7204.169, setWindowRect: true, strictFileInteractability: false, timeouts: {implicit: 0, pageLoad: 300000, script: 30000}, unhandledPromptBehavior: dismiss and notify, webauthn:extension:credBlob: true, webauthn:extension:largeBlob: true, webauthn:extension:minPinLength: true, webauthn:extension:prf: true, webauthn:virtualAuthenticators: true}
Element: [[ChromeDriver: chrome on windows (e46d3bc7af0b8fd2a783a6da3de8cb08)] -&amp;gt; id: photo]
Session ID: e46d3bc7af0b8fd2a783a6da3de8cb08">
      <![CDATA[org.openqa.selenium.InvalidArgumentException: invalid argument: 'text' is empty
  (Session info: chrome=138.0.7204.169)
Build info: version: '4.21.0', revision: '79ed462ef4'
System info: os.name: 'Windows 11', os.arch: 'amd64', os.version: '10.0', java.version: '11.0.27'
Driver info: org.openqa.selenium.chrome.ChromeDriver
Command: [e46d3bc7af0b8fd2a783a6da3de8cb08, sendKeysToElement {id=f.9F6BB36D1FB5801855F6BDEA7C3E0647.d.441E220B1ED35CB50C08A54EC9E48A5B.e.109, value=[Ljava.lang.CharSequence;@171dc7c3}]
Capabilities {acceptInsecureCerts: false, browserName: chrome, browserVersion: 138.0.7204.169, chrome: {chromedriverVersion: 138.0.7204.183 (e90faf484dd..., userDataDir: C:\Users\ADMIN\AppData\Loca...}, fedcm:accounts: true, goog:chromeOptions: {debuggerAddress: localhost:65160}, networkConnectionEnabled: false, pageLoadStrategy: normal, platformName: windows, proxy: Proxy(), se:cdp: ws://localhost:65160/devtoo..., se:cdpVersion: 138.0.7204.169, setWindowRect: true, strictFileInteractability: false, timeouts: {implicit: 0, pageLoad: 300000, script: 30000}, unhandledPromptBehavior: dismiss and notify, webauthn:extension:credBlob: true, webauthn:extension:largeBlob: true, webauthn:extension:minPinLength: true, webauthn:extension:prf: true, webauthn:virtualAuthenticators: true}
Element: [[ChromeDriver: chrome on windows (e46d3bc7af0b8fd2a783a6da3de8cb08)] -> id: photo]
Session ID: e46d3bc7af0b8fd2a783a6da3de8cb08
at org.openqa.selenium.remote.ErrorCodec.decode(ErrorCodec.java:167)
at org.openqa.selenium.remote.codec.w3c.W3CHttpResponseCodec.decode(W3CHttpResponseCodec.java:138)
at org.openqa.selenium.remote.codec.w3c.W3CHttpResponseCodec.decode(W3CHttpResponseCodec.java:50)
at org.openqa.selenium.remote.HttpCommandExecutor.execute(HttpCommandExecutor.java:190)
at org.openqa.selenium.remote.service.DriverCommandExecutor.invokeExecute(DriverCommandExecutor.java:216)
at org.openqa.selenium.remote.service.DriverCommandExecutor.execute(DriverCommandExecutor.java:174)
at org.openqa.selenium.remote.RemoteWebDriver.execute(RemoteWebDriver.java:518)
at org.openqa.selenium.remote.RemoteWebElement.execute(RemoteWebElement.java:223)
at org.openqa.selenium.remote.RemoteWebElement.sendKeys(RemoteWebElement.java:110)
at org.openqa.selenium.support.pagefactory.internal.LocatingElementHandler.invoke(LocatingElementHandler.java:51)
at com.sun.proxy.$Proxy17.sendKeys(Unknown Source)
at pages.EditProfilePage.uploadProfilePicture(EditProfilePage.java:42)
at pages.EditProfilePage.Editprofile(EditProfilePage.java:55)
at testCases.EditProfileTest.setUpEditProfile(EditProfileTest.java:36)
at java.base/java.util.ArrayList.forEach(ArrayList.java:1541)
... Removed 34 stack frames]]>
    </failure>
  </testcase> <!-- setUpEditProfile -->
  <testcase classname="testCases.EditProfileTest" name="setUpEditProfile" time="0.674">
    <failure type="org.openqa.selenium.InvalidArgumentException" message="invalid argument: File not found : D:\\pic2.jpg
  (Session info: chrome=138.0.7204.169)
Build info: version: &amp;apos;4.21.0&amp;apos;, revision: &amp;apos;79ed462ef4&amp;apos;
System info: os.name: &amp;apos;Windows 11&amp;apos;, os.arch: &amp;apos;amd64&amp;apos;, os.version: &amp;apos;10.0&amp;apos;, java.version: &amp;apos;11.0.27&amp;apos;
Driver info: org.openqa.selenium.chrome.ChromeDriver
Command: [bee54c5f2076b0188fc8237e1db376c0, sendKeysToElement {id=f.310B6DFAC9D52BCDC3BDD61C1F02CD52.d.ED0CB5EEE01E0622D4B7EB251EA4B2A9.e.104, value=[Ljava.lang.CharSequence;@31f77791}]
Capabilities {acceptInsecureCerts: false, browserName: chrome, browserVersion: 138.0.7204.169, chrome: {chromedriverVersion: 138.0.7204.183 (e90faf484dd..., userDataDir: C:\Users\ADMIN\AppData\Loca...}, fedcm:accounts: true, goog:chromeOptions: {debuggerAddress: localhost:65202}, networkConnectionEnabled: false, pageLoadStrategy: normal, platformName: windows, proxy: Proxy(), se:cdp: ws://localhost:65202/devtoo..., se:cdpVersion: 138.0.7204.169, setWindowRect: true, strictFileInteractability: false, timeouts: {implicit: 0, pageLoad: 300000, script: 30000}, unhandledPromptBehavior: dismiss and notify, webauthn:extension:credBlob: true, webauthn:extension:largeBlob: true, webauthn:extension:minPinLength: true, webauthn:extension:prf: true, webauthn:virtualAuthenticators: true}
Element: [[ChromeDriver: chrome on windows (bee54c5f2076b0188fc8237e1db376c0)] -&amp;gt; id: photo]
Session ID: bee54c5f2076b0188fc8237e1db376c0">
      <![CDATA[org.openqa.selenium.InvalidArgumentException: invalid argument: File not found : D:\\pic2.jpg
  (Session info: chrome=138.0.7204.169)
Build info: version: '4.21.0', revision: '79ed462ef4'
System info: os.name: 'Windows 11', os.arch: 'amd64', os.version: '10.0', java.version: '11.0.27'
Driver info: org.openqa.selenium.chrome.ChromeDriver
Command: [bee54c5f2076b0188fc8237e1db376c0, sendKeysToElement {id=f.310B6DFAC9D52BCDC3BDD61C1F02CD52.d.ED0CB5EEE01E0622D4B7EB251EA4B2A9.e.104, value=[Ljava.lang.CharSequence;@31f77791}]
Capabilities {acceptInsecureCerts: false, browserName: chrome, browserVersion: 138.0.7204.169, chrome: {chromedriverVersion: 138.0.7204.183 (e90faf484dd..., userDataDir: C:\Users\ADMIN\AppData\Loca...}, fedcm:accounts: true, goog:chromeOptions: {debuggerAddress: localhost:65202}, networkConnectionEnabled: false, pageLoadStrategy: normal, platformName: windows, proxy: Proxy(), se:cdp: ws://localhost:65202/devtoo..., se:cdpVersion: 138.0.7204.169, setWindowRect: true, strictFileInteractability: false, timeouts: {implicit: 0, pageLoad: 300000, script: 30000}, unhandledPromptBehavior: dismiss and notify, webauthn:extension:credBlob: true, webauthn:extension:largeBlob: true, webauthn:extension:minPinLength: true, webauthn:extension:prf: true, webauthn:virtualAuthenticators: true}
Element: [[ChromeDriver: chrome on windows (bee54c5f2076b0188fc8237e1db376c0)] -> id: photo]
Session ID: bee54c5f2076b0188fc8237e1db376c0
at org.openqa.selenium.remote.ErrorCodec.decode(ErrorCodec.java:167)
at org.openqa.selenium.remote.codec.w3c.W3CHttpResponseCodec.decode(W3CHttpResponseCodec.java:138)
at org.openqa.selenium.remote.codec.w3c.W3CHttpResponseCodec.decode(W3CHttpResponseCodec.java:50)
at org.openqa.selenium.remote.HttpCommandExecutor.execute(HttpCommandExecutor.java:190)
at org.openqa.selenium.remote.service.DriverCommandExecutor.invokeExecute(DriverCommandExecutor.java:216)
at org.openqa.selenium.remote.service.DriverCommandExecutor.execute(DriverCommandExecutor.java:174)
at org.openqa.selenium.remote.RemoteWebDriver.execute(RemoteWebDriver.java:518)
at org.openqa.selenium.remote.RemoteWebElement.execute(RemoteWebElement.java:223)
at org.openqa.selenium.remote.RemoteWebElement.sendKeys(RemoteWebElement.java:110)
at org.openqa.selenium.support.pagefactory.internal.LocatingElementHandler.invoke(LocatingElementHandler.java:51)
at com.sun.proxy.$Proxy17.sendKeys(Unknown Source)
at pages.EditProfilePage.uploadProfilePicture(EditProfilePage.java:42)
at pages.EditProfilePage.Editprofile(EditProfilePage.java:55)
at testCases.EditProfileTest.setUpEditProfile(EditProfileTest.java:36)
at java.base/java.util.ArrayList.forEach(ArrayList.java:1541)
... Removed 34 stack frames]]>
    </failure>
  </testcase> <!-- setUpEditProfile -->
</testsuite> <!-- EditProfileTest -->
