<?xml version="1.0" encoding="UTF-8"?>
<!-- Generated by org.testng.reporters.JUnitXMLReporter -->
<testsuite ignored="2" hostname="DELL" failures="0" tests="2" name="LoginTest" time="18.233" errors="0" timestamp="2025-08-10T00:14:35 IST">
  <testcase classname="testCases.LoginTest" name="login" time="6.555"/>
  <testcase classname="testCases.LoginTest" name="login" time="3.45"/>
  <testcase classname="base.Baseclass" name="@AfterSuite tearDownReport" time="0.0">
    <ignored/>
  </testcase> <!-- @AfterSuite tearDownReport -->
  <testcase classname="base.Baseclass" name="@BeforeSuite setupReport" time="0.0">
    <ignored/>
  </testcase> <!-- @BeforeSuite setupReport -->
</testsuite> <!-- LoginTest -->
