<?xml version="1.0" encoding="UTF-8"?>
<!-- Generated by org.testng.reporters.JUnitXMLReporter -->
<testsuite ignored="2" hostname="DELL" failures="0" tests="2" name="LoginTest" time="27.152" errors="0" timestamp="2025-08-01T15:56:41 IST">
  <testcase classname="testCases.LoginTest" name="login" time="7.398"/>
  <testcase classname="testCases.LoginTest" name="login" time="5.839"/>
  <testcase classname="base.Baseclass" name="@AfterSuite tearDownReport" time="0.0">
    <ignored/>
  </testcase> <!-- @AfterSuite tearDownReport -->
  <testcase classname="base.Baseclass" name="@BeforeSuite setupReport" time="0.0">
    <ignored/>
  </testcase> <!-- @BeforeSuite setupReport -->
</testsuite> <!-- LoginTest -->
