<?xml version="1.0" encoding="UTF-8"?>
<!-- Generated by org.testng.reporters.JUnitXMLReporter -->
<testsuite ignored="0" hostname="DELL" failures="0" tests="7" name="RegistrationTest" time="38.201" errors="0" timestamp="2025-08-10T00:15:13 IST">
  <testcase classname="testCases.RegistrationTest" name="registrationInvalidData" time="3.791"/>
  <testcase classname="testCases.RegistrationTest" name="registrationInvalidData" time="4.042"/>
  <testcase classname="testCases.RegistrationTest" name="registrationInvalidData" time="2.948"/>
  <testcase classname="testCases.RegistrationTest" name="registrationInvalidData" time="3.737"/>
  <testcase classname="testCases.RegistrationTest" name="registrationValidData" time="3.446"/>
  <testcase classname="testCases.RegistrationTest" name="registrationValidData" time="4.293"/>
  <testcase classname="testCases.RegistrationTest" name="registrationValidData" time="3.667"/>
</testsuite> <!-- RegistrationTest -->
