<?xml version="1.0" encoding="UTF-8"?>
<!-- Generated by org.testng.reporters.JUnitXMLReporter -->
<testsuite ignored="0" hostname="DELL" failures="0" tests="7" name="RegistrationTest" time="44.362" errors="0" timestamp="2025-08-01T15:57:25 IST">
  <testcase classname="testCases.RegistrationTest" name="registrationInvalidData" time="3.621"/>
  <testcase classname="testCases.RegistrationTest" name="registrationInvalidData" time="3.999"/>
  <testcase classname="testCases.RegistrationTest" name="registrationInvalidData" time="3.526"/>
  <testcase classname="testCases.RegistrationTest" name="registrationInvalidData" time="4.068"/>
  <testcase classname="testCases.RegistrationTest" name="registrationValidData" time="4.617"/>
  <testcase classname="testCases.RegistrationTest" name="registrationValidData" time="4.761"/>
  <testcase classname="testCases.RegistrationTest" name="registrationValidData" time="3.691"/>
</testsuite> <!-- RegistrationTest -->
