<?xml version="1.0" encoding="UTF-8"?>
<!-- Generated by org.testng.reporters.JUnitReportReporter -->
<testsuite hostname="DELL" failures="0" tests="7" name="testCases.RegistrationTest" time="44.338" errors="0" timestamp="2025-08-01T15:57:58 IST" skipped="0">
  <testcase classname="testCases.RegistrationTest" name="registrationValidData" time="6.727"/>
  <testcase classname="testCases.RegistrationTest" name="registrationValidData" time="6.214"/>
  <testcase classname="testCases.RegistrationTest" name="registrationInvalidData" time="5.892"/>
  <testcase classname="testCases.RegistrationTest" name="registrationInvalidData" time="6.394"/>
  <testcase classname="testCases.RegistrationTest" name="registrationInvalidData" time="5.828"/>
  <testcase classname="testCases.RegistrationTest" name="registrationValidData" time="7.123"/>
  <testcase classname="testCases.RegistrationTest" name="registrationInvalidData" time="6.160"/>
</testsuite> <!-- testCases.RegistrationTest -->
